<?xml version="1.0" encoding="UTF-8"?>
<testsuite name="io.github.bhhan.example.order.saga.createorder.CreateOrderSagaTest" tests="2" skipped="0" failures="0" errors="0" timestamp="2021-01-13T06:55:25" hostname="DESKTOP-Q0861F0" time="1.275">
  <properties/>
  <testcase name="shouldCreateOrder" classname="io.github.bhhan.example.order.saga.createorder.CreateOrderSagaTest" time="1.268"/>
  <testcase name="shouldRejectCreateOrder" classname="io.github.bhhan.example.order.saga.createorder.CreateOrderSagaTest" time="0.006"/>
  <system-out><![CDATA[15:55:27.098 [Test worker] DEBUG io.eventuate.tram.sagas.orchestration.SagaManagerImpl - handle message invoked io.eventuate.tram.messaging.common.MessageImpl@29604fcd[payload={},headers={commandreply_saga_id=1, reply_outcome-type=SUCCESS, commandreply__destination=customerService, commandreply_reply_to=io.github.bhhan.example.order.saga.createorder.CreateOrderSaga-reply, commandreply_type=io.github.bhhan.example.customer.api.commands.ReserveCreditCommand, commandreply_saga_type=io.github.bhhan.example.order.saga.createorder.CreateOrderSaga, reply_type=io.eventuate.tram.commands.common.Success, reply_to_message_id=2, ID=3}]
15:55:27.115 [Test worker] DEBUG io.eventuate.tram.sagas.orchestration.SagaManagerImpl - Handle reply: io.eventuate.tram.messaging.common.MessageImpl@29604fcd[payload={},headers={commandreply_saga_id=1, reply_outcome-type=SUCCESS, commandreply__destination=customerService, commandreply_reply_to=io.github.bhhan.example.order.saga.createorder.CreateOrderSaga-reply, commandreply_type=io.github.bhhan.example.customer.api.commands.ReserveCreditCommand, commandreply_saga_type=io.github.bhhan.example.order.saga.createorder.CreateOrderSaga, reply_type=io.eventuate.tram.commands.common.Success, reply_to_message_id=2, ID=3}]
15:55:27.122 [Test worker] INFO io.eventuate.tram.sagas.orchestration.SagaManagerImpl - Current state={"currentlyExecuting":1,"compensating":false,"endState":false}
15:55:27.124 [Test worker] INFO io.eventuate.tram.sagas.orchestration.SagaManagerImpl - Handled reply. Sending commands []
15:55:27.130 [Test worker] DEBUG io.eventuate.tram.sagas.orchestration.SagaManagerImpl - handle message invoked io.eventuate.tram.messaging.common.MessageImpl@3615d456[payload={},headers={commandreply_saga_id=1, reply_outcome-type=FAILURE, commandreply__destination=customerService, commandreply_reply_to=io.github.bhhan.example.order.saga.createorder.CreateOrderSaga-reply, commandreply_type=io.github.bhhan.example.customer.api.commands.ReserveCreditCommand, commandreply_saga_type=io.github.bhhan.example.order.saga.createorder.CreateOrderSaga, reply_type=io.github.bhhan.example.customer.api.replies.CustomerCreditLimitExceeded, reply_to_message_id=2, ID=3}]
15:55:27.130 [Test worker] DEBUG io.eventuate.tram.sagas.orchestration.SagaManagerImpl - Handle reply: io.eventuate.tram.messaging.common.MessageImpl@3615d456[payload={},headers={commandreply_saga_id=1, reply_outcome-type=FAILURE, commandreply__destination=customerService, commandreply_reply_to=io.github.bhhan.example.order.saga.createorder.CreateOrderSaga-reply, commandreply_type=io.github.bhhan.example.customer.api.commands.ReserveCreditCommand, commandreply_saga_type=io.github.bhhan.example.order.saga.createorder.CreateOrderSaga, reply_type=io.github.bhhan.example.customer.api.replies.CustomerCreditLimitExceeded, reply_to_message_id=2, ID=3}]
15:55:27.131 [Test worker] INFO io.eventuate.tram.sagas.orchestration.SagaManagerImpl - Current state={"currentlyExecuting":1,"compensating":false,"endState":false}
15:55:27.132 [Test worker] INFO io.eventuate.tram.sagas.orchestration.SagaManagerImpl - Handled reply. Sending commands []
]]></system-out>
  <system-err><![CDATA[]]></system-err>
</testsuite>
